#
# A fatal error has been detected by the Java Runtime Environment:
#
#  Internal Error (sharedRuntime.cpp:531), pid=1767, tid=7171
#  Error: ShouldNotReachHere()
#
# JRE version: OpenJDK Runtime Environment (16.0+14) (build 16+14)
# Java VM: OpenJDK 64-Bit Server VM (16+14, mixed mode, tiered, compressed oops, g1 gc, bsd-aarch64)
# No core dump will be written. Core dumps have been disabled. To enable core dumping, try "ulimit -c unlimited" before starting Java again
#
# If you would like to submit a bug report, please visit:
#   https://bugreport.java.com/bugreport/crash.jsp
#

---------------  S U M M A R Y ------------

Command Line: -Xmx64m -Xms64m -Dorg.gradle.appname=gradlew org.gradle.wrapper.GradleWrapperMain build

Host: MacBookPro17,1 arm64 1 MHz, 8 cores, 16G, Darwin 21.2.0, macOS 12.1 (21C52)
Time: Tue Jan  4 19:09:45 2022 KST elapsed time: 0.226007 seconds (0d 0h 0m 0s)

---------------  T H R E A D  ---------------

Current thread (0x000000012580e000):  JavaThread "main" [_thread_in_Java, id=7171, stack(0x000000016d2b4000,0x000000016d4b7000)]

Stack: [0x000000016d2b4000,0x000000016d4b7000],  sp=0x000000016d4b48a0,  free space=2050k
Native frames: (J=compiled Java code, A=aot compiled Java code, j=interpreted, Vv=VM code, C=native code)
V  [libjvm.dylib+0x9b4130]  _ZN7VMError14report_and_dieEiPKcS1_PcP6ThreadPhPvS6_S1_im+0x46c
V  [libjvm.dylib+0x9b4884]  _ZN7VMError14report_and_dieEP6ThreadPvPKciS4_S4_Pc+0x40
V  [libjvm.dylib+0x2ad690]  _Z15report_vm_errorPKciS0_S0_z+0x5c
V  [libjvm.dylib+0x2ad864]  _Z28report_should_not_reach_herePKci+0x2c
V  [libjvm.dylib+0x818d4c]  _ZN13SharedRuntime40raw_exception_handler_for_return_addressEP10JavaThreadPh+0x178
V  [libjvm.dylib+0x818df0]  _ZN13SharedRuntime36exception_handler_for_return_addressEP10JavaThreadPh+0x28
v  ~StubRoutines::forward exception
j  org.slf4j.MarkerFactory.<clinit>()V+0
v  ~StubRoutines::call_stub
V  [libjvm.dylib+0x44ae78]  _ZN9JavaCalls11call_helperEP9JavaValueRK12methodHandleP17JavaCallArgumentsP6Thread+0x30c
V  [libjvm.dylib+0x42c624]  _ZN13InstanceKlass22call_class_initializerEP6Thread+0x1e8
V  [libjvm.dylib+0x42bd50]  _ZN13InstanceKlass15initialize_implEP6Thread+0x57c
V  [libjvm.dylib+0x65f490]  _ZN12LinkResolver19resolve_static_callER8CallInfoRK8LinkInfobP6Thread+0x78
V  [libjvm.dylib+0x661468]  _ZN12LinkResolver14resolve_invokeER8CallInfo6HandleRK18constantPoolHandleiN9Bytecodes4CodeEP6Thread+0xac
V  [libjvm.dylib+0x444304]  _ZN18InterpreterRuntime14resolve_invokeEP10JavaThreadN9Bytecodes4CodeE+0x284
V  [libjvm.dylib+0x444960]  _ZN18InterpreterRuntime18resolve_from_cacheEP10JavaThreadN9Bytecodes4CodeE+0x7c
j  org.gradle.api.logging.Logging.<clinit>()V+2
v  ~StubRoutines::call_stub
V  [libjvm.dylib+0x44ae78]  _ZN9JavaCalls11call_helperEP9JavaValueRK12methodHandleP17JavaCallArgumentsP6Thread+0x30c
V  [libjvm.dylib+0x42c624]  _ZN13InstanceKlass22call_class_initializerEP6Thread+0x1e8
V  [libjvm.dylib+0x42bd50]  _ZN13InstanceKlass15initialize_implEP6Thread+0x57c
V  [libjvm.dylib+0x65f490]  _ZN12LinkResolver19resolve_static_callER8CallInfoRK8LinkInfobP6Thread+0x78
V  [libjvm.dylib+0x661468]  _ZN12LinkResolver14resolve_invokeER8CallInfo6HandleRK18constantPoolHandleiN9Bytecodes4CodeEP6Thread+0xac
V  [libjvm.dylib+0x444304]  _ZN18InterpreterRuntime14resolve_invokeEP10JavaThreadN9Bytecodes4CodeE+0x284
V  [libjvm.dylib+0x444960]  _ZN18InterpreterRuntime18resolve_from_cacheEP10JavaThreadN9Bytecodes4CodeE+0x7c
j  org.gradle.launcher.cli.DebugLoggerWarningAction.<init>(Lorg/gradle/api/logging/configuration/LoggingConfiguration;Lorg/gradle/api/Action;)V+3
j  org.gradle.launcher.cli.DefaultCommandLineActionFactory$WithLogging.execute(Lorg/gradle/launcher/bootstrap/ExecutionListener;)V+240
j  org.gradle.launcher.Main.doAction([Ljava/lang/String;Lorg/gradle/launcher/bootstrap/ExecutionListener;)V+14
j  org.gradle.launcher.bootstrap.EntryPoint.run([Ljava/lang/String;)V+12
v  ~StubRoutines::call_stub
V  [libjvm.dylib+0x44ae78]  _ZN9JavaCalls11call_helperEP9JavaValueRK12methodHandleP17JavaCallArgumentsP6Thread+0x30c
V  [libjvm.dylib+0x7f69a8]  _ZL6invokeP13InstanceKlassRK12methodHandle6Handleb14objArrayHandle9BasicTypeS5_bP6Thread+0x914
V  [libjvm.dylib+0x7f601c]  _ZN10Reflection13invoke_methodEP7oopDesc6Handle14objArrayHandleP6Thread+0x150
V  [libjvm.dylib+0x4fda80]  JVM_InvokeMethod+0x358
j  jdk.internal.reflect.NativeMethodAccessorImpl.invoke0(Ljava/lang/reflect/Method;Ljava/lang/Object;[Ljava/lang/Object;)Ljava/lang/Object;+0 java.base@16
j  jdk.internal.reflect.NativeMethodAccessorImpl.invoke(Ljava/lang/Object;[Ljava/lang/Object;)Ljava/lang/Object;+113 java.base@16
j  jdk.internal.reflect.DelegatingMethodAccessorImpl.invoke(Ljava/lang/Object;[Ljava/lang/Object;)Ljava/lang/Object;+6 java.base@16
j  java.lang.reflect.Method.invoke(Ljava/lang/Object;[Ljava/lang/Object;)Ljava/lang/Object;+59 java.base@16
j  org.gradle.launcher.bootstrap.ProcessBootstrap.runNoExit(Ljava/lang/String;[Ljava/lang/String;)V+161
j  org.gradle.launcher.bootstrap.ProcessBootstrap.run(Ljava/lang/String;[Ljava/lang/String;)V+3
j  org.gradle.launcher.GradleMain.main([Ljava/lang/String;)V+36
v  ~StubRoutines::call_stub
V  [libjvm.dylib+0x44ae78]  _ZN9JavaCalls11call_helperEP9JavaValueRK12methodHandleP17JavaCallArgumentsP6Thread+0x30c
V  [libjvm.dylib+0x7f69a8]  _ZL6invokeP13InstanceKlassRK12methodHandle6Handleb14objArrayHandle9BasicTypeS5_bP6Thread+0x914
V  [libjvm.dylib+0x7f601c]  _ZN10Reflection13invoke_methodEP7oopDesc6Handle14objArrayHandleP6Thread+0x150
V  [libjvm.dylib+0x4fda80]  JVM_InvokeMethod+0x358
j  jdk.internal.reflect.NativeMethodAccessorImpl.invoke0(Ljava/lang/reflect/Method;Ljava/lang/Object;[Ljava/lang/Object;)Ljava/lang/Object;+0 java.base@16
j  jdk.internal.reflect.NativeMethodAccessorImpl.invoke(Ljava/lang/Object;[Ljava/lang/Object;)Ljava/lang/Object;+113 java.base@16
j  jdk.internal.reflect.DelegatingMethodAccessorImpl.invoke(Ljava/lang/Object;[Ljava/lang/Object;)Ljava/lang/Object;+6 java.base@16
j  java.lang.reflect.Method.invoke(Ljava/lang/Object;[Ljava/lang/Object;)Ljava/lang/Object;+59 java.base@16
j  org.gradle.wrapper.BootstrapMainStarter.start([Ljava/lang/String;Ljava/io/File;)V+105
j  org.gradle.wrapper.WrapperExecutor.execute([Ljava/lang/String;Lorg/gradle/wrapper/Install;Lorg/gradle/wrapper/BootstrapMainStarter;)V+14
j  org.gradle.wrapper.GradleWrapperMain.main([Ljava/lang/String;)V+190
v  ~StubRoutines::call_stub
V  [libjvm.dylib+0x44ae78]  _ZN9JavaCalls11call_helperEP9JavaValueRK12methodHandleP17JavaCallArgumentsP6Thread+0x30c
V  [libjvm.dylib+0x4ab9d0]  _ZL17jni_invoke_staticP7JNIEnv_P9JavaValueP8_jobject11JNICallTypeP10_jmethodIDP18JNI_ArgumentPusherP6Thread+0x120
V  [libjvm.dylib+0x4aede4]  jni_CallStaticVoidMethod+0x120
C  [libjli.dylib+0x5438]  JavaMain+0x9d4
C  [libjli.dylib+0x7794]  ThreadJavaMain+0xc
C  [libsystem_pthread.dylib+0x7240]  _pthread_start+0x94


---------------  P R O C E S S  ---------------

Threads class SMR info:
_java_thread_list=0x000060000088dfc0, length=11, elements={
0x000000012580e000, 0x0000000126009e00, 0x000000012600f000, 0x0000000126011c00,
0x0000000126011600, 0x0000000126016800, 0x0000000121008200, 0x0000000121008800,
0x0000000125819e00, 0x0000000125817e00, 0x0000000126018800
}

Java Threads: ( => current thread )
=>0x000000012580e000 JavaThread "main" [_thread_in_Java, id=7171, stack(0x000000016d2b4000,0x000000016d4b7000)]
  0x0000000126009e00 JavaThread "Reference Handler" daemon [_thread_blocked, id=15619, stack(0x000000016e108000,0x000000016e30b000)]
  0x000000012600f000 JavaThread "Finalizer" daemon [_thread_blocked, id=13827, stack(0x000000016e314000,0x000000016e517000)]
  0x0000000126011c00 JavaThread "Signal Dispatcher" daemon [_thread_blocked, id=42243, stack(0x000000016e638000,0x000000016e83b000)]
  0x0000000126011600 JavaThread "Service Thread" daemon [_thread_blocked, id=41987, stack(0x000000016e844000,0x000000016ea47000)]
  0x0000000126016800 JavaThread "C2 CompilerThread0" daemon [_thread_in_native, id=41731, stack(0x000000016ea50000,0x000000016ec53000)]
  0x0000000121008200 JavaThread "C1 CompilerThread0" daemon [_thread_blocked, id=22787, stack(0x000000016ec5c000,0x000000016ee5f000)]
  0x0000000121008800 JavaThread "Sweeper thread" daemon [_thread_blocked, id=41219, stack(0x000000016ee68000,0x000000016f06b000)]
  0x0000000125819e00 JavaThread "Notification Thread" daemon [_thread_blocked, id=23299, stack(0x000000016f074000,0x000000016f277000)]
  0x0000000125817e00 JavaThread "Common-Cleaner" daemon [_thread_blocked, id=23555, stack(0x000000016f48c000,0x000000016f68f000)]
  0x0000000126018800 JavaThread "C2 CompilerThread1" daemon [_thread_blocked, id=24067, stack(0x000000016f698000,0x000000016f89b000)]

Other Threads:
  0x000000010330efb0 VMThread "VM Thread" [stack: 0x000000016defc000,0x000000016e0ff000] [id=16387]
  0x0000000125627890 WatcherThread [stack: 0x000000016f280000,0x000000016f483000] [id=40707]
  0x0000000125607eb0 GCTaskThread "GC Thread#0" [stack: 0x000000016d4c0000,0x000000016d6c3000] [id=19459]
  0x0000000125608bb0 ConcurrentGCThread "G1 Main Marker" [stack: 0x000000016d6cc000,0x000000016d8cf000] [id=18947]
  0x0000000103304080 ConcurrentGCThread "G1 Conc#0" [stack: 0x000000016d8d8000,0x000000016dadb000] [id=18179]
  0x000000010330a940 ConcurrentGCThread "G1 Refine#0" [stack: 0x000000016dae4000,0x000000016dce7000] [id=17667]
  0x000000010330b430 ConcurrentGCThread "G1 Service" [stack: 0x000000016dcf0000,0x000000016def3000] [id=17155]

Threads with active compile tasks:
C2 CompilerThread0      230  794       4       java.util.jar.JarFile::getEntry (35 bytes)

VM state: not at safepoint (normal execution)

VM Mutex/Monitor currently owned by a thread: None

Heap address: 0x00000007bc000000, size: 64 MB, Compressed Oops mode: Zero based, Oop shift amount: 3
Compressed class space mapped at: 0x0000000300000000-0x0000000340000000, reserved size: 1073741824
Narrow klass base: 0x0000000000000000, Narrow klass shift: 3, Narrow klass range: 0x340000000

GC Precious Log:
 CPUs: 8 total, 8 available
 Memory: 16384M
 Large Page Support: Disabled
 NUMA Support: Disabled
 Compressed Oops: Enabled (Zero based)
 Heap Region Size: 1M
 Heap Min Capacity: 64M
 Heap Initial Capacity: 64M
 Heap Max Capacity: 64M
 Pre-touch: Disabled
 Parallel Workers: 8
 Concurrent Workers: 2
 Concurrent Refinement Workers: 8
 Periodic GC: Disabled

Heap:
 garbage-first heap   total 65536K, used 25600K [0x00000007bc000000, 0x00000007c0000000)
  region size 1024K, 21 young (21504K), 0 survivors (0K)
 Metaspace       used 10469K, committed 10624K, reserved 1064960K
  class space    used 1042K, committed 1088K, reserved 1048576K

Heap Regions: E=young(eden), S=young(survivor), O=old, HS=humongous(starts), HC=humongous(continues), CS=collection set, F=free, OA=open archive, CA=closed archive, TAMS=top-at-mark-start (previous, next)
|   0|0x00000007bc000000, 0x00000007bc100000, 0x00000007bc100000|100%|HS|  |TAMS 0x00000007bc000000, 0x00000007bc000000| Complete 
|   1|0x00000007bc100000, 0x00000007bc200000, 0x00000007bc200000|100%|HC|  |TAMS 0x00000007bc100000, 0x00000007bc100000| Complete 
|   2|0x00000007bc200000, 0x00000007bc300000, 0x00000007bc300000|100%|HC|  |TAMS 0x00000007bc200000, 0x00000007bc200000| Complete 
|   3|0x00000007bc300000, 0x00000007bc400000, 0x00000007bc400000|100%|HS|  |TAMS 0x00000007bc300000, 0x00000007bc300000| Complete 
|   4|0x00000007bc400000, 0x00000007bc500000, 0x00000007bc500000|100%|HC|  |TAMS 0x00000007bc400000, 0x00000007bc400000| Complete 
|   5|0x00000007bc500000, 0x00000007bc600000, 0x00000007bc600000|100%|HC|  |TAMS 0x00000007bc500000, 0x00000007bc500000| Complete 
|   6|0x00000007bc600000, 0x00000007bc600000, 0x00000007bc700000|  0%| F|  |TAMS 0x00000007bc600000, 0x00000007bc600000| Untracked 
|   7|0x00000007bc700000, 0x00000007bc700000, 0x00000007bc800000|  0%| F|  |TAMS 0x00000007bc700000, 0x00000007bc700000| Untracked 
|   8|0x00000007bc800000, 0x00000007bc800000, 0x00000007bc900000|  0%| F|  |TAMS 0x00000007bc800000, 0x00000007bc800000| Untracked 
|   9|0x00000007bc900000, 0x00000007bc900000, 0x00000007bca00000|  0%| F|  |TAMS 0x00000007bc900000, 0x00000007bc900000| Untracked 
|  10|0x00000007bca00000, 0x00000007bca00000, 0x00000007bcb00000|  0%| F|  |TAMS 0x00000007bca00000, 0x00000007bca00000| Untracked 
|  11|0x00000007bcb00000, 0x00000007bcb00000, 0x00000007bcc00000|  0%| F|  |TAMS 0x00000007bcb00000, 0x00000007bcb00000| Untracked 
|  12|0x00000007bcc00000, 0x00000007bcc00000, 0x00000007bcd00000|  0%| F|  |TAMS 0x00000007bcc00000, 0x00000007bcc00000| Untracked 
|  13|0x00000007bcd00000, 0x00000007bcd00000, 0x00000007bce00000|  0%| F|  |TAMS 0x00000007bcd00000, 0x00000007bcd00000| Untracked 
|  14|0x00000007bce00000, 0x00000007bce00000, 0x00000007bcf00000|  0%| F|  |TAMS 0x00000007bce00000, 0x00000007bce00000| Untracked 
|  15|0x00000007bcf00000, 0x00000007bcf00000, 0x00000007bd000000|  0%| F|  |TAMS 0x00000007bcf00000, 0x00000007bcf00000| Untracked 
|  16|0x00000007bd000000, 0x00000007bd000000, 0x00000007bd100000|  0%| F|  |TAMS 0x00000007bd000000, 0x00000007bd000000| Untracked 
|  17|0x00000007bd100000, 0x00000007bd100000, 0x00000007bd200000|  0%| F|  |TAMS 0x00000007bd100000, 0x00000007bd100000| Untracked 
|  18|0x00000007bd200000, 0x00000007bd200000, 0x00000007bd300000|  0%| F|  |TAMS 0x00000007bd200000, 0x00000007bd200000| Untracked 
|  19|0x00000007bd300000, 0x00000007bd300000, 0x00000007bd400000|  0%| F|  |TAMS 0x00000007bd300000, 0x00000007bd300000| Untracked 
|  20|0x00000007bd400000, 0x00000007bd400000, 0x00000007bd500000|  0%| F|  |TAMS 0x00000007bd400000, 0x00000007bd400000| Untracked 
|  21|0x00000007bd500000, 0x00000007bd500000, 0x00000007bd600000|  0%| F|  |TAMS 0x00000007bd500000, 0x00000007bd500000| Untracked 
|  22|0x00000007bd600000, 0x00000007bd600000, 0x00000007bd700000|  0%| F|  |TAMS 0x00000007bd600000, 0x00000007bd600000| Untracked 
|  23|0x00000007bd700000, 0x00000007bd700000, 0x00000007bd800000|  0%| F|  |TAMS 0x00000007bd700000, 0x00000007bd700000| Untracked 
|  24|0x00000007bd800000, 0x00000007bd800000, 0x00000007bd900000|  0%| F|  |TAMS 0x00000007bd800000, 0x00000007bd800000| Untracked 
|  25|0x00000007bd900000, 0x00000007bd900000, 0x00000007bda00000|  0%| F|  |TAMS 0x00000007bd900000, 0x00000007bd900000| Untracked 
|  26|0x00000007bda00000, 0x00000007bda00000, 0x00000007bdb00000|  0%| F|  |TAMS 0x00000007bda00000, 0x00000007bda00000| Untracked 
|  27|0x00000007bdb00000, 0x00000007bdb00000, 0x00000007bdc00000|  0%| F|  |TAMS 0x00000007bdb00000, 0x00000007bdb00000| Untracked 
|  28|0x00000007bdc00000, 0x00000007bdc00000, 0x00000007bdd00000|  0%| F|  |TAMS 0x00000007bdc00000, 0x00000007bdc00000| Untracked 
|  29|0x00000007bdd00000, 0x00000007bdd00000, 0x00000007bde00000|  0%| F|  |TAMS 0x00000007bdd00000, 0x00000007bdd00000| Untracked 
|  30|0x00000007bde00000, 0x00000007bde00000, 0x00000007bdf00000|  0%| F|  |TAMS 0x00000007bde00000, 0x00000007bde00000| Untracked 
|  31|0x00000007bdf00000, 0x00000007bdf00000, 0x00000007be000000|  0%| F|  |TAMS 0x00000007bdf00000, 0x00000007bdf00000| Untracked 
|  32|0x00000007be000000, 0x00000007be000000, 0x00000007be100000|  0%| F|  |TAMS 0x00000007be000000, 0x00000007be000000| Untracked 
|  33|0x00000007be100000, 0x00000007be100000, 0x00000007be200000|  0%| F|  |TAMS 0x00000007be100000, 0x00000007be100000| Untracked 
|  34|0x00000007be200000, 0x00000007be200000, 0x00000007be300000|  0%| F|  |TAMS 0x00000007be200000, 0x00000007be200000| Untracked 
|  35|0x00000007be300000, 0x00000007be300000, 0x00000007be400000|  0%| F|  |TAMS 0x00000007be300000, 0x00000007be300000| Untracked 
|  36|0x00000007be400000, 0x00000007be400000, 0x00000007be500000|  0%| F|  |TAMS 0x00000007be400000, 0x00000007be400000| Untracked 
|  37|0x00000007be500000, 0x00000007be500000, 0x00000007be600000|  0%| F|  |TAMS 0x00000007be500000, 0x00000007be500000| Untracked 
|  38|0x00000007be600000, 0x00000007be600000, 0x00000007be700000|  0%| F|  |TAMS 0x00000007be600000, 0x00000007be600000| Untracked 
|  39|0x00000007be700000, 0x00000007be700000, 0x00000007be800000|  0%| F|  |TAMS 0x00000007be700000, 0x00000007be700000| Untracked 
|  40|0x00000007be800000, 0x00000007be800000, 0x00000007be900000|  0%| F|  |TAMS 0x00000007be800000, 0x00000007be800000| Untracked 
|  41|0x00000007be900000, 0x00000007be900000, 0x00000007bea00000|  0%| F|  |TAMS 0x00000007be900000, 0x00000007be900000| Untracked 
|  42|0x00000007bea00000, 0x00000007bea00000, 0x00000007beb00000|  0%| F|  |TAMS 0x00000007bea00000, 0x00000007bea00000| Untracked 
|  43|0x00000007beb00000, 0x00000007bebf3628, 0x00000007bec00000| 95%| E|  |TAMS 0x00000007beb00000, 0x00000007beb00000| Complete 
|  44|0x00000007bec00000, 0x00000007bed00000, 0x00000007bed00000|100%| E|CS|TAMS 0x00000007bec00000, 0x00000007bec00000| Complete 
|  45|0x00000007bed00000, 0x00000007bee00000, 0x00000007bee00000|100%| E|CS|TAMS 0x00000007bed00000, 0x00000007bed00000| Complete 
|  46|0x00000007bee00000, 0x00000007bef00000, 0x00000007bef00000|100%| E|CS|TAMS 0x00000007bee00000, 0x00000007bee00000| Complete 
|  47|0x00000007bef00000, 0x00000007bf000000, 0x00000007bf000000|100%| E|CS|TAMS 0x00000007bef00000, 0x00000007bef00000| Complete 
|  48|0x00000007bf000000, 0x00000007bf100000, 0x00000007bf100000|100%| E|  |TAMS 0x00000007bf000000, 0x00000007bf000000| Complete 
|  49|0x00000007bf100000, 0x00000007bf200000, 0x00000007bf200000|100%| E|CS|TAMS 0x00000007bf100000, 0x00000007bf100000| Complete 
|  50|0x00000007bf200000, 0x00000007bf300000, 0x00000007bf300000|100%| E|CS|TAMS 0x00000007bf200000, 0x00000007bf200000| Complete 
|  51|0x00000007bf300000, 0x00000007bf400000, 0x00000007bf400000|100%| E|CS|TAMS 0x00000007bf300000, 0x00000007bf300000| Complete 
|  52|0x00000007bf400000, 0x00000007bf500000, 0x00000007bf500000|100%| E|CS|TAMS 0x00000007bf400000, 0x00000007bf400000| Complete 
|  53|0x00000007bf500000, 0x00000007bf600000, 0x00000007bf600000|100%| E|CS|TAMS 0x00000007bf500000, 0x00000007bf500000| Complete 
|  54|0x00000007bf600000, 0x00000007bf700000, 0x00000007bf700000|100%| E|CS|TAMS 0x00000007bf600000, 0x00000007bf600000| Complete 
|  55|0x00000007bf700000, 0x00000007bf800000, 0x00000007bf800000|100%| E|CS|TAMS 0x00000007bf700000, 0x00000007bf700000| Complete 
|  56|0x00000007bf800000, 0x00000007bf900000, 0x00000007bf900000|100%| E|CS|TAMS 0x00000007bf800000, 0x00000007bf800000| Complete 
|  57|0x00000007bf900000, 0x00000007bfa00000, 0x00000007bfa00000|100%| E|CS|TAMS 0x00000007bf900000, 0x00000007bf900000| Complete 
|  58|0x00000007bfa00000, 0x00000007bfb00000, 0x00000007bfb00000|100%| E|CS|TAMS 0x00000007bfa00000, 0x00000007bfa00000| Complete 
|  59|0x00000007bfb00000, 0x00000007bfc00000, 0x00000007bfc00000|100%| E|CS|TAMS 0x00000007bfb00000, 0x00000007bfb00000| Complete 
|  60|0x00000007bfc00000, 0x00000007bfd00000, 0x00000007bfd00000|100%| E|CS|TAMS 0x00000007bfc00000, 0x00000007bfc00000| Complete 
|  61|0x00000007bfd00000, 0x00000007bfe00000, 0x00000007bfe00000|100%| E|CS|TAMS 0x00000007bfd00000, 0x00000007bfd00000| Complete 
|  62|0x00000007bfe00000, 0x00000007bff00000, 0x00000007bff00000|100%| E|CS|TAMS 0x00000007bfe00000, 0x00000007bfe00000| Complete 
|  63|0x00000007bff00000, 0x00000007c0000000, 0x00000007c0000000|100%| E|CS|TAMS 0x00000007bff00000, 0x00000007bff00000| Complete 

Card table byte_map: [0x00000001030b8000,0x00000001030d8000] _byte_map_base: 0x00000000ff2d8000

Marking Bits (Prev, Next): (CMBitMap*) 0x0000000125819810, (CMBitMap*) 0x0000000125819850
 Prev Bits: [0x00000001030f8000, 0x00000001031f8000)
 Next Bits: [0x00000001031f8000, 0x00000001032f8000)

Polling page: 0x0000000102e50000

Metaspace:

Usage:
  Non-class:      9.21 MB used.
      Class:      1.02 MB used.
       Both:     10.22 MB used.

Virtual space:
  Non-class space:       16.00 MB reserved,       9.31 MB ( 58%) committed,  2 nodes.
      Class space:        1.00 GB reserved,       1.06 MB ( <1%) committed,  1 nodes.
              Both:        1.02 GB reserved,      10.38 MB ( <1%) committed. 

Chunk freelists:
   Non-Class:  2.59 MB
       Class:  2.75 MB
        Both:  5.34 MB

MaxMetaspaceSize: 17179869184.00 GB
CompressedClassSpaceSize: 1.00 GB
 - commit_granule_bytes: 65536.
 - commit_granule_words: 8192.
 - virtual_space_node_default_size: 1048576.
 - enlarge_chunks_in_place: 1.
 - new_chunks_are_fully_committed: 0.
 - uncommit_free_chunks: 1.
 - use_allocation_guard: 0.
 - handle_deallocations: 1.


Internal statistics:

num_allocs_failed_limit: 0.
num_arena_births: 22.
num_arena_deaths: 0.
num_vsnodes_births: 3.
num_vsnodes_deaths: 0.
num_space_committed: 166.
num_space_uncommitted: 0.
num_chunks_returned_to_freelist: 0.
num_chunks_taken_from_freelist: 125.
num_chunk_merges: 0.
num_chunk_splits: 68.
num_chunks_enlarged: 59.
num_purges: 0.

CodeHeap 'non-profiled nmethods': size=120032Kb used=281Kb max_used=281Kb free=119750Kb
 bounds [0x0000000114e74000, 0x00000001150e4000, 0x000000011c3ac000]
CodeHeap 'profiled nmethods': size=120016Kb used=1573Kb max_used=1573Kb free=118443Kb
 bounds [0x000000010d940000, 0x000000010dbb0000, 0x0000000114e74000]
CodeHeap 'non-nmethods': size=5712Kb used=1077Kb max_used=1118Kb free=4634Kb
 bounds [0x000000010d3ac000, 0x000000010d61c000, 0x000000010d940000]
 total_blobs=1159 nmethods=782 adapters=294
 compilation: enabled
              stopped_count=0, restarted_count=0
 full_count=0

Compilation events (20 events):
Event: 0.223 Thread 0x0000000121008200 nmethod 784 0x000000010dac4610 code [0x000000010dac47c0, 0x000000010dac4928]
Event: 0.223 Thread 0x0000000126018800 nmethod 783 0x0000000114eb9990 code [0x0000000114eb9b40, 0x0000000114eb9ca0]
Event: 0.223 Thread 0x0000000121008200  785       3       java.lang.invoke.MemberName::getReferenceKind (12 bytes)
Event: 0.223 Thread 0x0000000121008200 nmethod 785 0x000000010dac4a10 code [0x000000010dac4bc0, 0x000000010dac4d28]
Event: 0.224 Thread 0x0000000121008200  786       3       java.lang.reflect.Modifier::isPublic (12 bytes)
Event: 0.224 Thread 0x0000000121008200 nmethod 786 0x000000010dac4d90 code [0x000000010dac4f40, 0x000000010dac50a8]
Event: 0.224 Thread 0x0000000121008200  787       3       jdk.internal.org.objectweb.asm.ByteVector::putInt (74 bytes)
Event: 0.224 Thread 0x0000000121008200 nmethod 787 0x000000010dac5110 code [0x000000010dac52c0, 0x000000010dac5598]
Event: 0.224 Thread 0x0000000121008200  788       3       java.util.Arrays::equals (57 bytes)
Event: 0.224 Thread 0x0000000121008200 nmethod 788 0x000000010dac5710 code [0x000000010dac5940, 0x000000010dac5f18]
Event: 0.224 Thread 0x0000000121008200  789       3       java.lang.StringUTF16::getChar (60 bytes)
Event: 0.224 Thread 0x0000000121008200 nmethod 789 0x000000010dac6110 code [0x000000010dac62c0, 0x000000010dac6468]
Event: 0.225 Thread 0x0000000126016800  790       4       java.lang.StringUTF16::getChar (60 bytes)
Event: 0.225 Thread 0x0000000126016800 nmethod 790 0x0000000114eb9d90 code [0x0000000114eb9f40, 0x0000000114eba050]
Event: 0.225 Thread 0x0000000126018800  791   !   4       java.util.jar.JarFile::isMultiRelease (33 bytes)
Event: 0.225 Thread 0x0000000121008200  792   !   2       jdk.internal.loader.URLClassPath$JarLoader::getResource (65 bytes)
Event: 0.225 Thread 0x0000000121008200 nmethod 792 0x000000010dac6590 code [0x000000010dac67c0, 0x000000010dac6c98]
Event: 0.225 Thread 0x0000000121008200  793       3       java.net.URLStreamHandler::setURL (159 bytes)
Event: 0.225 Thread 0x0000000126016800  794       4       java.util.jar.JarFile::getEntry (35 bytes)
Event: 0.226 Thread 0x0000000126018800 nmethod 791 0x0000000114eba110 code [0x0000000114eba2c0, 0x0000000114eba3d0]

GC Heap History (0 events):
No events

Deoptimization events (20 events):
Event: 0.213 Thread 0x000000012580e000 DEOPT PACKING pc=0x0000000114e8b0b4 sp=0x000000016d4b5500
Event: 0.213 Thread 0x000000012580e000 DEOPT UNPACKING pc=0x000000010d3e5d9c sp=0x000000016d4b5490 mode 2
Event: 0.213 Thread 0x000000012580e000 Uncommon trap: trap_request=0xffffffde fr.pc=0x0000000114e8b0b4 relative=0x0000000000000234
Event: 0.213 Thread 0x000000012580e000 Uncommon trap: reason=class_check action=maybe_recompile pc=0x0000000114e8b0b4 method=java.util.regex.Matcher.match(II)Z @ 121 c2
Event: 0.213 Thread 0x000000012580e000 DEOPT PACKING pc=0x0000000114e8b0b4 sp=0x000000016d4b5500
Event: 0.213 Thread 0x000000012580e000 DEOPT UNPACKING pc=0x000000010d3e5d9c sp=0x000000016d4b5490 mode 2
Event: 0.214 Thread 0x000000012580e000 Uncommon trap: trap_request=0xffffff45 fr.pc=0x0000000114e803e8 relative=0x0000000000000068
Event: 0.214 Thread 0x000000012580e000 Uncommon trap: reason=unstable_if action=reinterpret pc=0x0000000114e803e8 method=java.util.regex.Pattern.has(I)Z @ 6 c2
Event: 0.214 Thread 0x000000012580e000 DEOPT PACKING pc=0x0000000114e803e8 sp=0x000000016d4b5260
Event: 0.214 Thread 0x000000012580e000 DEOPT UNPACKING pc=0x000000010d3e5d9c sp=0x000000016d4b51f0 mode 2
Event: 0.218 Thread 0x000000012580e000 DEOPT PACKING pc=0x000000010d980990 sp=0x000000016d4b45c0
Event: 0.218 Thread 0x000000012580e000 DEOPT UNPACKING pc=0x000000010d3e5bfc sp=0x000000016d4b43d0 mode 3
Event: 0.218 Thread 0x000000012580e000 DEOPT PACKING pc=0x000000010d9bb70c sp=0x000000016d4b4910
Event: 0.218 Thread 0x000000012580e000 DEOPT UNPACKING pc=0x000000010d3e5bfc sp=0x000000016d4b4740 mode 3
Event: 0.224 Thread 0x000000012580e000 Uncommon trap: trap_request=0xffffff45 fr.pc=0x0000000114e7b564 relative=0x0000000000000064
Event: 0.224 Thread 0x000000012580e000 Uncommon trap: reason=unstable_if action=reinterpret pc=0x0000000114e7b564 method=java.lang.String.isLatin1()Z @ 10 c2
Event: 0.224 Thread 0x000000012580e000 DEOPT PACKING pc=0x0000000114e7b564 sp=0x000000016d4b4db0
Event: 0.224 Thread 0x000000012580e000 DEOPT UNPACKING pc=0x000000010d3e5d9c sp=0x000000016d4b4d50 mode 2
Event: 0.224 Thread 0x000000012580e000 DEOPT PACKING pc=0x000000010d99997c sp=0x000000016d4b4880
Event: 0.224 Thread 0x000000012580e000 DEOPT UNPACKING pc=0x000000010d3e5bfc sp=0x000000016d4b4630 mode 3

Classes unloaded (0 events):
No events

Classes redefined (0 events):
No events

Internal exceptions (4 events):
Event: 0.085 Thread 0x000000012580e000 Exception <a 'java/lang/NoSuchMethodError'{0x00000007bfc57958}: 'int java.lang.invoke.DirectMethodHandle$Holder.invokeStaticInit(java.lang.Object, java.lang.Object)'> (0x00000007bfc57958) 
thrown [src/hotspot/share/interpreter/linkResolver.cpp, line 789]
Event: 0.200 Thread 0x000000012580e000 Exception <a 'java/lang/NoSuchMethodError'{0x00000007beec2010}: 'void java.lang.invoke.DirectMethodHandle$Holder.invokeSpecial(java.lang.Object, java.lang.Object, java.lang.Object)'> (0x00000007beec2010) 
thrown [src/hotspot/share/interpreter/linkResolver.cpp, line 789]
Event: 0.214 Thread 0x000000012580e000 Exception <a 'java/lang/NoSuchMethodError'{0x00000007becc0c38}: 'void java.lang.invoke.DirectMethodHandle$Holder.invokeStatic(java.lang.Object, java.lang.Object)'> (0x00000007becc0c38) 
thrown [src/hotspot/share/interpreter/linkResolver.cpp, line 789]
Event: 0.226 Thread 0x000000012580e000 Exception <a 'java/lang/NoClassDefFoundError'{0x00000007beb896d0}: org/slf4j/impl/StaticMarkerBinder> (0x00000007beb896d0) 
thrown [src/hotspot/share/classfile/systemDictionary.cpp, line 245]

Events (20 events):
Event: 0.224 loading class java/util/stream/IntPipeline$10$1
Event: 0.224 loading class java/util/stream/Sink$ChainedInt
Event: 0.224 loading class java/util/stream/Sink$ChainedInt done
Event: 0.224 loading class java/util/stream/IntPipeline$10$1 done
Event: 0.224 loading class java/lang/StringUTF16$CharsSpliterator
Event: 0.224 loading class java/lang/StringUTF16$CharsSpliterator done
Event: 0.224 loading class java/lang/CharacterData00
Event: 0.224 loading class java/lang/CharacterData00 done
Event: 0.225 loading class java/util/Formatter$FixedString
Event: 0.225 loading class java/util/Formatter$FormatString
Event: 0.225 loading class java/util/Formatter$FormatString done
Event: 0.225 loading class java/util/Formatter$FixedString done
Event: 0.225 loading class java/util/Formatter$FormatSpecifier
Event: 0.225 loading class java/util/Formatter$FormatSpecifier done
Event: 0.225 loading class java/util/Formatter$Flags
Event: 0.225 loading class java/util/Formatter$Flags done
Event: 0.225 loading class java/util/Formatter$Conversion
Event: 0.225 loading class java/util/Formatter$Conversion done
Event: 0.225 loading class java/util/Formattable
Event: 0.225 loading class java/util/Formattable done


Dynamic libraries:
0x0000000102d08000 	/opt/homebrew/Cellar/openjdk/15.0.2/libexec/openjdk.jdk/Contents/Home/lib/libjli.dylib
0x00000001aae13000 	/usr/lib/libz.1.dylib
0x00000001aaec3000 	/usr/lib/libSystem.B.dylib
0x00000001aaebd000 	/usr/lib/system/libcache.dylib
0x00000001aae7b000 	/usr/lib/system/libcommonCrypto.dylib
0x00000001aaea4000 	/usr/lib/system/libcompiler_rt.dylib
0x00000001aae9b000 	/usr/lib/system/libcopyfile.dylib
0x00000001a0206000 	/usr/lib/system/libcorecrypto.dylib
0x00000001a02ab000 	/usr/lib/system/libdispatch.dylib
0x00000001a0473000 	/usr/lib/system/libdyld.dylib
0x00000001aaeb3000 	/usr/lib/system/libkeymgr.dylib
0x00000001aae5d000 	/usr/lib/system/libmacho.dylib
0x00000001aa561000 	/usr/lib/system/libquarantine.dylib
0x00000001aaeb0000 	/usr/lib/system/libremovefile.dylib
0x00000001a5602000 	/usr/lib/system/libsystem_asl.dylib
0x00000001a01b0000 	/usr/lib/system/libsystem_blocks.dylib
0x00000001a0331000 	/usr/lib/system/libsystem_c.dylib
0x00000001aaea8000 	/usr/lib/system/libsystem_collections.dylib
0x00000001a9a20000 	/usr/lib/system/libsystem_configuration.dylib
0x00000001a8ca4000 	/usr/lib/system/libsystem_containermanager.dylib
0x00000001aabc4000 	/usr/lib/system/libsystem_coreservices.dylib
0x00000001a2b97000 	/usr/lib/system/libsystem_darwin.dylib
0x00000001aaeb4000 	/usr/lib/system/libsystem_dnssd.dylib
0x00000001a032e000 	/usr/lib/system/libsystem_featureflags.dylib
0x00000001a0488000 	/usr/lib/system/libsystem_info.dylib
0x00000001aae25000 	/usr/lib/system/libsystem_m.dylib
0x00000001a0280000 	/usr/lib/system/libsystem_malloc.dylib
0x00000001a5593000 	/usr/lib/system/libsystem_networkextension.dylib
0x00000001a2feb000 	/usr/lib/system/libsystem_notify.dylib
0x00000001b10c9000 	/usr/lib/system/libsystem_product_info_filter.dylib
0x00000001a9a25000 	/usr/lib/system/libsystem_sandbox.dylib
0x00000001aaead000 	/usr/lib/system/libsystem_secinit.dylib
0x00000001a0430000 	/usr/lib/system/libsystem_kernel.dylib
0x00000001a0480000 	/usr/lib/system/libsystem_platform.dylib
0x00000001a0466000 	/usr/lib/system/libsystem_pthread.dylib
0x00000001a6d3c000 	/usr/lib/system/libsystem_symptoms.dylib
0x00000001a01ec000 	/usr/lib/system/libsystem_trace.dylib
0x00000001aae88000 	/usr/lib/system/libunwind.dylib
0x00000001a01b2000 	/usr/lib/system/libxpc.dylib
0x00000001a0416000 	/usr/lib/libc++abi.dylib
0x00000001a02f2000 	/usr/lib/libobjc.A.dylib
0x00000001aae93000 	/usr/lib/liboah.dylib
0x00000001a03b2000 	/usr/lib/libc++.1.dylib
0x00000001b6ac4000 	/System/Library/Frameworks/Cocoa.framework/Versions/A/Cocoa
0x00000001a304b000 	/System/Library/Frameworks/AppKit.framework/Versions/C/AppKit
0x00000001a657b000 	/System/Library/Frameworks/CoreData.framework/Versions/A/CoreData
0x00000001a13a8000 	/System/Library/Frameworks/Foundation.framework/Versions/C/Foundation
0x00000001a3eff000 	/System/Library/PrivateFrameworks/UIFoundation.framework/Versions/A/UIFoundation
0x00000001b0dc3000 	/System/Library/PrivateFrameworks/RemoteViewServices.framework/Versions/A/RemoteViewServices
0x00000001a93de000 	/System/Library/PrivateFrameworks/XCTTargetBootstrap.framework/Versions/A/XCTTargetBootstrap
0x00000001acbc4000 	/System/Library/PrivateFrameworks/InternationalSupport.framework/Versions/A/InternationalSupport
0x00000001acc4d000 	/System/Library/PrivateFrameworks/UserActivity.framework/Versions/A/UserActivity
0x00000001ac0f2000 	/usr/lib/libspindump.dylib
0x00000001a416f000 	/System/Library/Frameworks/UniformTypeIdentifiers.framework/Versions/A/UniformTypeIdentifiers
0x00000001a796b000 	/usr/lib/libapp_launch_measurement.dylib
0x00000001a6ee3000 	/System/Library/PrivateFrameworks/CoreAnalytics.framework/Versions/A/CoreAnalytics
0x00000001a796e000 	/System/Library/PrivateFrameworks/CoreAutoLayout.framework/Versions/A/CoreAutoLayout
0x00000001a8ce1000 	/System/Library/Frameworks/Metal.framework/Versions/A/Metal
0x00000001a9a30000 	/usr/lib/liblangid.dylib
0x00000001a93e2000 	/System/Library/PrivateFrameworks/CoreSVG.framework/Versions/A/CoreSVG
0x00000001a5636000 	/System/Library/PrivateFrameworks/SkyLight.framework/Versions/A/SkyLight
0x00000001a5a00000 	/System/Library/Frameworks/CoreGraphics.framework/Versions/A/CoreGraphics
0x00000001b1440000 	/System/Library/Frameworks/Accelerate.framework/Versions/A/Accelerate
0x00000001abb66000 	/System/Library/PrivateFrameworks/IconServices.framework/Versions/A/IconServices
0x00000001a8cc3000 	/System/Library/Frameworks/IOSurface.framework/Versions/A/IOSurface
0x00000001a6f13000 	/usr/lib/libDiagnosticMessagesClient.dylib
0x00000001b4887000 	/System/Library/Frameworks/ApplicationServices.framework/Versions/A/ApplicationServices
0x00000001a93c6000 	/System/Library/PrivateFrameworks/DFRFoundation.framework/Versions/A/DFRFoundation
0x00000001a28ec000 	/usr/lib/libicucore.A.dylib
0x00000001ad9c5000 	/System/Library/Frameworks/AudioToolbox.framework/Versions/A/AudioToolbox
0x00000001acbd0000 	/System/Library/PrivateFrameworks/DataDetectorsCore.framework/Versions/A/DataDetectorsCore
0x00000001c2d02000 	/System/Library/PrivateFrameworks/TextInput.framework/Versions/A/TextInput
0x00000001a55ad000 	/usr/lib/libMobileGestalt.dylib
0x00000001a9096000 	/System/Library/Frameworks/Carbon.framework/Versions/A/Frameworks/HIToolbox.framework/Versions/A/HIToolbox
0x00000001a7374000 	/System/Library/Frameworks/QuartzCore.framework/Versions/A/QuartzCore
0x00000001a2569000 	/System/Library/Frameworks/Security.framework/Versions/A/Security
0x00000001b0e03000 	/System/Library/Frameworks/Carbon.framework/Versions/A/Frameworks/SpeechRecognition.framework/Versions/A/SpeechRecognition
0x00000001a76c2000 	/System/Library/PrivateFrameworks/CoreUI.framework/Versions/A/CoreUI
0x00000001a1e3a000 	/System/Library/Frameworks/CoreAudio.framework/Versions/A/CoreAudio
0x00000001a7007000 	/System/Library/Frameworks/DiskArbitration.framework/Versions/A/DiskArbitration
0x00000001ac4d7000 	/System/Library/PrivateFrameworks/MultitouchSupport.framework/Versions/A/MultitouchSupport
0x00000001a55ab000 	/usr/lib/libenergytrace.dylib
0x00000001a2f15000 	/System/Library/Frameworks/IOKit.framework/Versions/A/IOKit
0x00000001b11ec000 	/System/Library/Frameworks/CoreServices.framework/Versions/A/CoreServices
0x00000001a78fb000 	/System/Library/PrivateFrameworks/PerformanceAnalysis.framework/Versions/A/PerformanceAnalysis
0x0000000201875000 	/System/Library/Frameworks/OpenGL.framework/Versions/A/OpenGL
0x00000001aa481000 	/System/Library/PrivateFrameworks/MobileKeyBag.framework/Versions/A/MobileKeyBag
0x00000001a6010000 	/System/Library/Frameworks/ColorSync.framework/Versions/A/ColorSync
0x00000001a04b4000 	/System/Library/Frameworks/CoreFoundation.framework/Versions/A/CoreFoundation
0x00000001a9663000 	/System/Library/Frameworks/CoreImage.framework/Versions/A/CoreImage
0x00000001a1c5d000 	/System/Library/Frameworks/CoreText.framework/Versions/A/CoreText
0x00000001a9412000 	/System/Library/Frameworks/ImageIO.framework/Versions/A/ImageIO
0x00000001aaec9000 	/System/Library/PrivateFrameworks/SoftLinking.framework/Versions/A/SoftLinking
0x00000001a79b8000 	/usr/lib/libxml2.2.dylib
0x00000001ab162000 	/usr/lib/libcompression.dylib
0x00000001acb1d000 	/System/Library/PrivateFrameworks/TextureIO.framework/Versions/A/TextureIO
0x00000001ab880000 	/usr/lib/libate.dylib
0x00000001ab748000 	/usr/lib/liblzma.5.dylib
0x00000001a109c000 	/System/Library/Frameworks/SystemConfiguration.framework/Versions/A/SystemConfiguration
0x00000001aaec5000 	/usr/lib/libfakelink.dylib
0x00000001a50da000 	/System/Library/Frameworks/CFNetwork.framework/Versions/A/CFNetwork
0x00000001ab00c000 	/usr/lib/libarchive.2.dylib
0x00000001a9a2c000 	/System/Library/PrivateFrameworks/AppleSystemInfo.framework/Versions/A/AppleSystemInfo
0x00000001aa58c000 	/usr/lib/libbsm.0.dylib
0x00000001a4612000 	/usr/lib/libnetwork.dylib
0x00000001aae63000 	/usr/lib/system/libkxld.dylib
0x00000001aa1a3000 	/System/Library/PrivateFrameworks/IOMobileFramebuffer.framework/Versions/A/IOMobileFramebuffer
0x000000021d5da000 	/usr/lib/libCoreEntitlements.dylib
0x00000001aaba6000 	/System/Library/PrivateFrameworks/AppleFSCompression.framework/Versions/A/AppleFSCompression
0x00000001aa574000 	/usr/lib/libcoretls.dylib
0x00000001ab761000 	/usr/lib/libcoretls_cfhelpers.dylib
0x00000001ab15d000 	/usr/lib/libpam.2.dylib
0x00000001a6964000 	/usr/lib/libsqlite3.dylib
0x00000001ab7c9000 	/usr/lib/libxar.1.dylib
0x00000001aabb7000 	/usr/lib/libbz2.1.0.dylib
0x00000001aaeca000 	/usr/lib/libpcap.A.dylib
0x00000001a6d33000 	/usr/lib/libdns_services.dylib
0x00000001ab130000 	/usr/lib/libapple_nghttp2.dylib
0x00000001aaf07000 	/usr/lib/libiconv.2.dylib
0x00000001aae5c000 	/usr/lib/libcharset.1.dylib
0x00000001a7937000 	/System/Library/Frameworks/CoreServices.framework/Versions/A/Frameworks/FSEvents.framework/Versions/A/FSEvents
0x00000001a2ba2000 	/System/Library/Frameworks/CoreServices.framework/Versions/A/Frameworks/CarbonCore.framework/Versions/A/CarbonCore
0x00000001a6f6a000 	/System/Library/Frameworks/CoreServices.framework/Versions/A/Frameworks/Metadata.framework/Versions/A/Metadata
0x00000001aabca000 	/System/Library/Frameworks/CoreServices.framework/Versions/A/Frameworks/OSServices.framework/Versions/A/OSServices
0x00000001ab092000 	/System/Library/Frameworks/CoreServices.framework/Versions/A/Frameworks/SearchKit.framework/Versions/A/SearchKit
0x00000001a6cc1000 	/System/Library/Frameworks/CoreServices.framework/Versions/A/Frameworks/AE.framework/Versions/A/AE
0x00000001a09f8000 	/System/Library/Frameworks/CoreServices.framework/Versions/A/Frameworks/LaunchServices.framework/Versions/A/LaunchServices
0x00000001ab6f1000 	/System/Library/Frameworks/CoreServices.framework/Versions/A/Frameworks/DictionaryServices.framework/Versions/A/DictionaryServices
0x00000001a7944000 	/System/Library/Frameworks/CoreServices.framework/Versions/A/Frameworks/SharedFileList.framework/Versions/A/SharedFileList
0x00000001aa564000 	/usr/lib/libCheckFix.dylib
0x00000001a561a000 	/System/Library/PrivateFrameworks/TCC.framework/Versions/A/TCC
0x00000001a9a32000 	/System/Library/PrivateFrameworks/CoreNLP.framework/Versions/A/CoreNLP
0x00000001a6f16000 	/System/Library/PrivateFrameworks/MetadataUtilities.framework/Versions/A/MetadataUtilities
0x00000001a1155000 	/usr/lib/libmecabra.dylib
0x00000001aa59d000 	/usr/lib/libmecab.dylib
0x00000001a1121000 	/usr/lib/libCRFSuite.dylib
0x00000001aa5fb000 	/usr/lib/libgermantok.dylib
0x00000001ab109000 	/usr/lib/libThaiTokenizer.dylib
0x00000001a700f000 	/System/Library/Frameworks/Accelerate.framework/Versions/A/Frameworks/vImage.framework/Versions/A/vImage
0x00000001b11c3000 	/System/Library/Frameworks/Accelerate.framework/Versions/A/Frameworks/vecLib.framework/Versions/A/vecLib
0x00000001ab80d000 	/System/Library/Frameworks/Accelerate.framework/Versions/A/Frameworks/vecLib.framework/Versions/A/libvMisc.dylib
0x00000001aa0ad000 	/System/Library/Frameworks/Accelerate.framework/Versions/A/Frameworks/vecLib.framework/Versions/A/libvDSP.dylib
0x00000001a0d7b000 	/System/Library/Frameworks/Accelerate.framework/Versions/A/Frameworks/vecLib.framework/Versions/A/libBLAS.dylib
0x00000001ab231000 	/System/Library/Frameworks/Accelerate.framework/Versions/A/Frameworks/vecLib.framework/Versions/A/libLAPACK.dylib
0x00000001aa5fe000 	/System/Library/Frameworks/Accelerate.framework/Versions/A/Frameworks/vecLib.framework/Versions/A/libLinearAlgebra.dylib
0x00000001ab148000 	/System/Library/Frameworks/Accelerate.framework/Versions/A/Frameworks/vecLib.framework/Versions/A/libSparseBLAS.dylib
0x00000001ab22c000 	/System/Library/Frameworks/Accelerate.framework/Versions/A/Frameworks/vecLib.framework/Versions/A/libQuadrature.dylib
0x00000001a9b29000 	/System/Library/Frameworks/Accelerate.framework/Versions/A/Frameworks/vecLib.framework/Versions/A/libBNNS.dylib
0x00000001a1039000 	/System/Library/Frameworks/Accelerate.framework/Versions/A/Frameworks/vecLib.framework/Versions/A/libSparse.dylib
0x00000001a9b21000 	/System/Library/PrivateFrameworks/LinguisticData.framework/Versions/A/LinguisticData
0x00000001a0fef000 	/System/Library/PrivateFrameworks/Lexicon.framework/Versions/A/Lexicon
0x00000001ab805000 	/usr/lib/libChineseTokenizer.dylib
0x00000001a1796000 	/System/Library/PrivateFrameworks/LanguageModeling.framework/Versions/A/LanguageModeling
0x00000001ab10b000 	/System/Library/PrivateFrameworks/AppleSauce.framework/Versions/A/AppleSauce
0x00000001aa190000 	/System/Library/PrivateFrameworks/CoreEmoji.framework/Versions/A/CoreEmoji
0x00000001aaffa000 	/usr/lib/libcmph.dylib
0x00000001a7917000 	/System/Library/Frameworks/OpenDirectory.framework/Versions/A/Frameworks/CFOpenDirectory.framework/Versions/A/CFOpenDirectory
0x00000001a7907000 	/System/Library/Frameworks/OpenDirectory.framework/Versions/A/OpenDirectory
0x00000001ab763000 	/System/Library/PrivateFrameworks/APFS.framework/Versions/A/APFS
0x00000001aa4bc000 	/System/Library/Frameworks/SecurityFoundation.framework/Versions/A/SecurityFoundation
0x00000001ab7d7000 	/usr/lib/libutil.dylib
0x00000001a2ed7000 	/System/Library/PrivateFrameworks/CoreServicesStore.framework/Versions/A/CoreServicesStore
0x00000001ab7db000 	/usr/lib/libxslt.1.dylib
0x00000001aa550000 	/System/Library/PrivateFrameworks/BackgroundTaskManagement.framework/Versions/A/BackgroundTaskManagement
0x00000001aca3e000 	/System/Library/Frameworks/ImageIO.framework/Versions/A/Resources/libRadiance.dylib
0x00000001aca47000 	/System/Library/Frameworks/ImageIO.framework/Versions/A/Resources/libJPEG.dylib
0x00000001ac999000 	/System/Library/Frameworks/ImageIO.framework/Versions/A/Resources/libPng.dylib
0x00000001ac9bb000 	/System/Library/Frameworks/ImageIO.framework/Versions/A/Resources/libTIFF.dylib
0x00000001acaa2000 	/System/Library/Frameworks/ImageIO.framework/Versions/A/Resources/libGIF.dylib
0x00000001ac3e7000 	/System/Library/Frameworks/ImageIO.framework/Versions/A/Resources/libJP2.dylib
0x00000001abb2c000 	/usr/lib/libexpat.1.dylib
0x00000001ac3a2000 	/System/Library/PrivateFrameworks/AppleJPEG.framework/Versions/A/AppleJPEG
0x00000001a8f55000 	/System/Library/PrivateFrameworks/FontServices.framework/libFontParser.dylib
0x00000001a6c66000 	/System/Library/PrivateFrameworks/RunningBoardServices.framework/Versions/A/RunningBoardServices
0x00000001b7137000 	/System/Library/PrivateFrameworks/IOSurfaceAccelerator.framework/Versions/A/IOSurfaceAccelerator
0x00000001ac4d3000 	/System/Library/PrivateFrameworks/WatchdogClient.framework/Versions/A/WatchdogClient
0x00000001a189a000 	/System/Library/Frameworks/CoreDisplay.framework/Versions/A/CoreDisplay
0x00000001a8e43000 	/System/Library/Frameworks/CoreMedia.framework/Versions/A/CoreMedia
0x00000001a8cd7000 	/System/Library/PrivateFrameworks/IOAccelerator.framework/Versions/A/IOAccelerator
0x00000001a7aa5000 	/System/Library/Frameworks/CoreVideo.framework/Versions/A/CoreVideo
0x00000001ab15b000 	/System/Library/Frameworks/MetalPerformanceShaders.framework/Versions/A/MetalPerformanceShaders
0x00000001ac510000 	/System/Library/Frameworks/VideoToolbox.framework/Versions/A/VideoToolbox
0x00000001a6baa000 	/System/Library/PrivateFrameworks/BaseBoard.framework/Versions/A/BaseBoard
0x00000001a6949000 	/System/Library/PrivateFrameworks/ProtocolBuffer.framework/Versions/A/ProtocolBuffer
0x00000001aca39000 	/System/Library/PrivateFrameworks/GPUWrangler.framework/Versions/A/GPUWrangler
0x00000001aca18000 	/System/Library/PrivateFrameworks/IOPresentment.framework/Versions/A/IOPresentment
0x00000001aca41000 	/System/Library/PrivateFrameworks/DSExternalDisplay.framework/Versions/A/DSExternalDisplay
0x0000000201868000 	/System/Library/Frameworks/OpenGL.framework/Versions/A/Libraries/libCoreFSCache.dylib
0x000000020b029000 	/System/Library/PrivateFrameworks/GPUCompiler.framework/Versions/31001/Libraries/libGPUCompilerUtils.dylib
0x00000001acaa7000 	/System/Library/PrivateFrameworks/CMCaptureCore.framework/Versions/A/CMCaptureCore
0x00000001ac0e0000 	/System/Library/PrivateFrameworks/AppServerSupport.framework/Versions/A/AppServerSupport
0x00000001ae280000 	/System/Library/PrivateFrameworks/perfdata.framework/Versions/A/perfdata
0x00000001a19ba000 	/System/Library/PrivateFrameworks/AudioToolboxCore.framework/Versions/A/AudioToolboxCore
0x00000001a8e1b000 	/System/Library/PrivateFrameworks/caulk.framework/Versions/A/caulk
0x00000001adb75000 	/usr/lib/libAudioStatistics.dylib
0x00000001bf47b000 	/System/Library/PrivateFrameworks/SystemPolicy.framework/Versions/A/SystemPolicy
0x00000001addd5000 	/usr/lib/libSMC.dylib
0x00000001b69a6000 	/System/Library/Frameworks/CoreMIDI.framework/Versions/A/CoreMIDI
0x00000001ac967000 	/usr/lib/libAudioToolboxUtility.dylib
0x00000001bb8b4000 	/System/Library/PrivateFrameworks/OSAServicesClient.framework/Versions/A/OSAServicesClient
0x00000001ae28d000 	/usr/lib/libperfcheck.dylib
0x00000001bff7e000 	/usr/lib/libmis.dylib
0x00000002018c9000 	/System/Library/Frameworks/OpenGL.framework/Versions/A/Libraries/libGLU.dylib
0x0000000201888000 	/System/Library/Frameworks/OpenGL.framework/Versions/A/Libraries/libGFXShared.dylib
0x0000000201a72000 	/System/Library/Frameworks/OpenGL.framework/Versions/A/Libraries/libGL.dylib
0x0000000201891000 	/System/Library/Frameworks/OpenGL.framework/Versions/A/Libraries/libGLImage.dylib
0x0000000201885000 	/System/Library/Frameworks/OpenGL.framework/Versions/A/Libraries/libCVMSPluginSupport.dylib
0x000000020186f000 	/System/Library/Frameworks/OpenGL.framework/Versions/A/Libraries/libCoreVMClient.dylib
0x00000001a99ad000 	/System/Library/Frameworks/MetalPerformanceShaders.framework/Versions/A/Frameworks/MPSCore.framework/Versions/A/MPSCore
0x00000001aab19000 	/System/Library/Frameworks/MetalPerformanceShaders.framework/Versions/A/Frameworks/MPSImage.framework/Versions/A/MPSImage
0x00000001aa613000 	/System/Library/Frameworks/MetalPerformanceShaders.framework/Versions/A/Frameworks/MPSNeuralNetwork.framework/Versions/A/MPSNeuralNetwork
0x00000001aaa50000 	/System/Library/Frameworks/MetalPerformanceShaders.framework/Versions/A/Frameworks/MPSMatrix.framework/Versions/A/MPSMatrix
0x00000001aa82b000 	/System/Library/Frameworks/MetalPerformanceShaders.framework/Versions/A/Frameworks/MPSRayIntersector.framework/Versions/A/MPSRayIntersector
0x00000001aaa81000 	/System/Library/Frameworks/MetalPerformanceShaders.framework/Versions/A/Frameworks/MPSNDArray.framework/Versions/A/MPSNDArray
0x000000020359f000 	/System/Library/Frameworks/MetalPerformanceShaders.framework/Versions/A/Frameworks/MPSFunctions.framework/Versions/A/MPSFunctions
0x00000001a0c59000 	/System/Library/PrivateFrameworks/MetalTools.framework/Versions/A/MetalTools
0x00000001a9a2a000 	/System/Library/PrivateFrameworks/AggregateDictionary.framework/Versions/A/AggregateDictionary
0x00000001ab912000 	/usr/lib/libIOReport.dylib
0x00000001b598d000 	/System/Library/PrivateFrameworks/ASEProcessing.framework/Versions/A/ASEProcessing
0x00000001abc85000 	/System/Library/PrivateFrameworks/FaceCore.framework/Versions/A/FaceCore
0x00000001abc77000 	/System/Library/PrivateFrameworks/GraphVisualizer.framework/Versions/A/GraphVisualizer
0x000000020af40000 	/System/Library/PrivateFrameworks/FontServices.framework/Versions/A/FontServices
0x00000001ac09a000 	/System/Library/PrivateFrameworks/OTSVG.framework/Versions/A/OTSVG
0x00000001a7673000 	/System/Library/Frameworks/ApplicationServices.framework/Versions/A/Frameworks/ATS.framework/Versions/A/Resources/libFontRegistry.dylib
0x00000001ac0e9000 	/System/Library/PrivateFrameworks/FontServices.framework/libhvf.dylib
0x000000020af41000 	/System/Library/PrivateFrameworks/FontServices.framework/libXTFontStaticRegistryData.dylib
0x0000000201c14000 	/System/Library/Frameworks/OpenCL.framework/Versions/A/OpenCL
0x00000001abae0000 	/System/Library/PrivateFrameworks/AppleVA.framework/Versions/A/AppleVA
0x00000001adb9d000 	/System/Library/Frameworks/ApplicationServices.framework/Versions/A/Frameworks/ATS.framework/Versions/A/ATS
0x00000001a610d000 	/System/Library/Frameworks/ApplicationServices.framework/Versions/A/Frameworks/HIServices.framework/Versions/A/HIServices
0x00000001acab1000 	/System/Library/Frameworks/ApplicationServices.framework/Versions/A/Frameworks/PrintCore.framework/Versions/A/PrintCore
0x00000001adf28000 	/System/Library/Frameworks/ApplicationServices.framework/Versions/A/Frameworks/QD.framework/Versions/A/QD
0x00000001adf20000 	/System/Library/Frameworks/ApplicationServices.framework/Versions/A/Frameworks/ColorSyncLegacy.framework/Versions/A/ColorSyncLegacy
0x00000001adb89000 	/System/Library/Frameworks/ApplicationServices.framework/Versions/A/Frameworks/SpeechSynthesis.framework/Versions/A/SpeechSynthesis
0x00000001aca72000 	/System/Library/Frameworks/ApplicationServices.framework/Versions/A/Frameworks/ATSUI.framework/Versions/A/ATSUI
0x00000001adeb5000 	/usr/lib/libcups.2.dylib
0x00000001ae29b000 	/System/Library/Frameworks/Kerberos.framework/Versions/A/Kerberos
0x00000001ae2ac000 	/System/Library/Frameworks/GSS.framework/Versions/A/GSS
0x00000001adc0c000 	/usr/lib/libresolv.9.dylib
0x00000001ac0f7000 	/System/Library/PrivateFrameworks/Heimdal.framework/Versions/A/Heimdal
0x00000001b4bfd000 	/System/Library/Frameworks/Kerberos.framework/Versions/A/Libraries/libHeimdalProxy.dylib
0x00000001a6d45000 	/System/Library/Frameworks/Network.framework/Versions/A/Network
0x00000001abb47000 	/usr/lib/libheimdal-asn1.dylib
0x00000001ae2f2000 	/System/Library/PrivateFrameworks/CommonAuth.framework/Versions/A/CommonAuth
0x00000001adb03000 	/System/Library/PrivateFrameworks/AudioSession.framework/Versions/A/AudioSession
0x00000001abbd8000 	/System/Library/PrivateFrameworks/MediaExperience.framework/Versions/A/MediaExperience
0x00000001ad98b000 	/System/Library/PrivateFrameworks/AudioSession.framework/libSessionUtility.dylib
0x00000001adf34000 	/System/Library/PrivateFrameworks/AudioResourceArbitration.framework/Versions/A/AudioResourceArbitration
0x00000001b203f000 	/System/Library/PrivateFrameworks/PowerLog.framework/Versions/A/PowerLog
0x00000001abb50000 	/System/Library/PrivateFrameworks/IconFoundation.framework/Versions/A/IconFoundation
0x00000001b0def000 	/System/Library/PrivateFrameworks/SpeechRecognitionCore.framework/Versions/A/SpeechRecognitionCore
0x00000001e486f000 	/System/Library/CoreServices/Encodings/libKoreanConverter.dylib
0x0000000103d54000 	/opt/homebrew/Cellar/openjdk/15.0.2/libexec/openjdk.jdk/Contents/Home/lib/server/libjvm.dylib
0x0000000102e64000 	/opt/homebrew/Cellar/openjdk/15.0.2/libexec/openjdk.jdk/Contents/Home/lib/libjimage.dylib
0x0000000102eac000 	/opt/homebrew/Cellar/openjdk/15.0.2/libexec/openjdk.jdk/Contents/Home/lib/libjava.dylib
0x0000000103c2c000 	/opt/homebrew/Cellar/openjdk/15.0.2/libexec/openjdk.jdk/Contents/Home/lib/libnio.dylib
0x0000000103c70000 	/opt/homebrew/Cellar/openjdk/15.0.2/libexec/openjdk.jdk/Contents/Home/lib/libnet.dylib
0x0000000103c4c000 	/opt/homebrew/Cellar/openjdk/15.0.2/libexec/openjdk.jdk/Contents/Home/lib/libzip.dylib
0x0000000103c94000 	/opt/homebrew/Cellar/openjdk/15.0.2/libexec/openjdk.jdk/Contents/Home/lib/libverify.dylib


VM Arguments:
jvm_args: -Xmx64m -Xms64m -Dorg.gradle.appname=gradlew 
java_command: org.gradle.wrapper.GradleWrapperMain build
java_class_path (initial): /Users/yun/Desktop/YUN/Spring/inflearn/start/hello-spring/gradle/wrapper/gradle-wrapper.jar
Launcher Type: SUN_STANDARD

[Global flags]
     intx CICompilerCount                          = 4                                         {product} {ergonomic}
     uint ConcGCThreads                            = 2                                         {product} {ergonomic}
     uint G1ConcRefinementThreads                  = 8                                         {product} {ergonomic}
   size_t G1HeapRegionSize                         = 1048576                                   {product} {ergonomic}
    uintx GCDrainStackTargetSize                   = 64                                        {product} {ergonomic}
   size_t InitialHeapSize                          = 67108864                                  {product} {command line}
   size_t MarkStackSize                            = 4194304                                   {product} {ergonomic}
   size_t MaxHeapSize                              = 67108864                                  {product} {command line}
   size_t MaxNewSize                               = 39845888                                  {product} {ergonomic}
   size_t MinHeapDeltaBytes                        = 1048576                                   {product} {ergonomic}
   size_t MinHeapSize                              = 67108864                                  {product} {command line}
    uintx NonNMethodCodeHeapSize                   = 5839564                                {pd product} {ergonomic}
    uintx NonProfiledCodeHeapSize                  = 122909338                              {pd product} {ergonomic}
    uintx ProfiledCodeHeapSize                     = 122909338                              {pd product} {ergonomic}
    uintx ReservedCodeCacheSize                    = 251658240                              {pd product} {ergonomic}
     bool SegmentedCodeCache                       = true                                      {product} {ergonomic}
   size_t SoftMaxHeapSize                          = 67108864                               {manageable} {ergonomic}
     bool UseCompressedClassPointers               = true                           {product lp64_product} {ergonomic}
     bool UseCompressedOops                        = true                           {product lp64_product} {ergonomic}
     bool UseG1GC                                  = true                                      {product} {ergonomic}
     bool UseNUMA                                  = false                                     {product} {ergonomic}
     bool UseNUMAInterleaving                      = false                                     {product} {ergonomic}

Logging:
Log output configuration:
 #0: stdout all=warning uptime,level,tags
 #1: stderr all=off uptime,level,tags

Environment Variables:
PATH=/opt/homebrew/opt/openjdk/bin:/opt/homebrew/bin:/opt/homebrew/sbin:/usr/local/bin:/usr/bin:/bin:/usr/sbin:/sbin:/Library/JavaVirtualMachines/jdk-15.0.2.jdk/Contents/Home/bin
SHELL=/bin/zsh
LANG=ko_KR.UTF-8

Signal Handlers:
SIGSEGV: [libjvm.dylib+0x9b5050], sa_mask[0]=11100110000111110111111111111111, sa_flags=SA_ONSTACK|SA_RESTART|SA_SIGINFO
SIGBUS: [libjvm.dylib+0x9b5050], sa_mask[0]=11100110000111110111111111111111, sa_flags=SA_RESTART|SA_SIGINFO
SIGFPE: [libjvm.dylib+0x9b5050], sa_mask[0]=11100110000111110111111111111111, sa_flags=SA_RESTART|SA_SIGINFO
SIGPIPE: [libjvm.dylib+0x89b5ec], sa_mask[0]=11100110000111110111111111111111, sa_flags=SA_RESTART|SA_SIGINFO
SIGXFSZ: [libjvm.dylib+0x89b5ec], sa_mask[0]=11100110000111110111111111111111, sa_flags=SA_RESTART|SA_SIGINFO
SIGILL: [libjvm.dylib+0x9b5050], sa_mask[0]=11100110000111110111111111111111, sa_flags=SA_RESTART|SA_SIGINFO
SIGUSR2: [libjvm.dylib+0x89c018], sa_mask[0]=00000000000000000000000000000000, sa_flags=SA_RESTART|SA_SIGINFO
SIGHUP: [libjvm.dylib+0x89a694], sa_mask[0]=11100110000111110111111111111111, sa_flags=SA_RESTART|SA_SIGINFO
SIGINT: [libjvm.dylib+0x89a694], sa_mask[0]=11100110000111110111111111111111, sa_flags=SA_RESTART|SA_SIGINFO
SIGTERM: [libjvm.dylib+0x89a694], sa_mask[0]=11100110000111110111111111111111, sa_flags=SA_RESTART|SA_SIGINFO
SIGQUIT: [libjvm.dylib+0x89a694], sa_mask[0]=11100110000111110111111111111111, sa_flags=SA_RESTART|SA_SIGINFO


---------------  S Y S T E M  ---------------

OS:uname: Darwin 21.2.0 Darwin Kernel Version 21.2.0: Sun Nov 28 20:29:10 PST 2021; root:xnu-8019.61.5~1/RELEASE_ARM64_T8101 arm64
OS uptime: 0 days 0:20 hours
rlimit (soft/hard): STACK 8176k/65520k , CORE 0k/infinity , NPROC 2666/4000 , NOFILE 10240/infinity , AS infinity/infinity , CPU infinity/infinity , DATA infinity/infinity , FSIZE infinity/infinity , MEMLOCK infinity/infinity , RSS infinity/infinity
load average: 3.07 3.48 4.74

CPU: total 8 (initial active 8) 0x61:0x0:0x1b588bb3:0, simd, crc, lse

Memory: 16k page, physical 16777216k(526896k free), swap 0k(0k free)

vm_info: OpenJDK 64-Bit Server VM (16+14) for bsd-aarch64 JRE (16+14), built on Mar  1 2021 20:26:25 by "brew" with clang Apple LLVM 12.0.0 (clang-1200.0.32.29)

END.
